03-05 02:35:19 com_github_MitjaNemec_ReplicateLayout.action_replicate_layout 392:Plugin executed on: 'win32'
03-05 02:35:19 com_github_MitjaNemec_ReplicateLayout.action_replicate_layout 393:Plugin executed with python version: '3.9.14 (main, Sep 19 2022, 05:11:57) [MSC v.1932 64 bit (AMD64)]'
03-05 02:35:19 com_github_MitjaNemec_ReplicateLayout.action_replicate_layout 394:KiCad build version: (6.99.0-3937-g3e53426b6c)
03-05 02:35:19 com_github_MitjaNemec_ReplicateLayout.action_replicate_layout 395:Plugin version: 2.1.3
03-05 02:35:19 com_github_MitjaNemec_ReplicateLayout.action_replicate_layout 396:Frame repr: <wx._core.Frame object at 0x000002650BECC700>
03-05 02:35:19 com_github_MitjaNemec_ReplicateLayout.action_replicate_layout 420:Preparing replicator with U23001 as a reference
03-05 02:35:19 com_github_MitjaNemec_ReplicateLayout.replicate_layout 117:getting a list of all footprints on board
03-05 02:35:20 com_github_MitjaNemec_ReplicateLayout.action_replicate_layout 468:source anchor footprint is 'U23001'
Located on: ['InNeuron_1', 'Adder3']
With filenames: ['C:\\Users\\hrans\\OneDrive\\Documents\\Github\\AnalogNNPCB\\PCBDesign\\AnalogFNN\\InNeuron.kicad_sch', 'C:\\Users\\hrans\\OneDrive\\Documents\\Github\\AnalogNNPCB\\PCBDesign\\AnalogFNN\\Adder.kicad_sch']
With sheet_id:['InNeuron_1', 'Adder3']
03-05 02:35:20 com_github_MitjaNemec_ReplicateLayout.action_replicate_layout 475:Corresponding footprints are 
[('U59', ['Neuron6_9', 'Adder2']), ('U87', ['Neuron6_16', 'Adder2']), ('U83', ['Neuron6_15', 'Adder2']), ('U148001', ['InNeuron_6', 'Adder3']), ('U51', ['Neuron6_7', 'Adder2']), ('U44', ['Neuron6_5', 'Adder2']), ('U27', ['Neuron6_1', 'Adder2']), ('U67', ['Neuron6_11', 'Adder2']), ('U75', ['Neuron6_13', 'Adder2']), ('U91', ['Neuron6_17', 'Adder2']), ('U36', ['Neuron6_3', 'Adder2']), ('U79', ['Neuron6_14', 'Adder2']), ('U3001', ['InNeuron_2', 'Adder3']), ('U139001', ['InNeuron_5', 'Adder3']), ('U33001', ['InNeuron_3', 'Adder3']), ('U63', ['Neuron6_10', 'Adder2']), ('U23001', ['InNeuron_1', 'Adder3']), ('U131001', ['InNeuron_4', 'Adder3']), ('U40', ['Neuron6_4', 'Adder2']), ('U48', ['Neuron6_6', 'Adder2']), ('U95', ['Neuron6_18', 'Adder2']), ('U55', ['Neuron6_8', 'Adder2']), ('U71', ['Neuron6_12', 'Adder2']), ('U31', ['Neuron6_2', 'Adder2'])]
03-05 02:35:20 com_github_MitjaNemec_ReplicateLayout.action_replicate_layout 487:Showing dialog
03-05 02:35:20 com_github_MitjaNemec_ReplicateLayout.replicate_layout 424:constructing a list of sheets suitable for replication on level:'Adder3', file:'C:\\Users\\hrans\\OneDrive\\Documents\\Github\\AnalogNNPCB\\PCBDesign\\AnalogFNN\\Adder.kicad_sch'
03-05 02:35:20 com_github_MitjaNemec_ReplicateLayout.replicate_layout 461:suitable sheets are:[['InNeuron_2', 'Adder3'], ['InNeuron_3', 'Adder3'], ['InNeuron_4', 'Adder3'], ['InNeuron_5', 'Adder3'], ['InNeuron_6', 'Adder3'], ['Neuron6_1', 'Adder2'], ['Neuron6_10', 'Adder2'], ['Neuron6_11', 'Adder2'], ['Neuron6_12', 'Adder2'], ['Neuron6_13', 'Adder2'], ['Neuron6_14', 'Adder2'], ['Neuron6_15', 'Adder2'], ['Neuron6_16', 'Adder2'], ['Neuron6_17', 'Adder2'], ['Neuron6_18', 'Adder2'], ['Neuron6_2', 'Adder2'], ['Neuron6_3', 'Adder2'], ['Neuron6_4', 'Adder2'], ['Neuron6_5', 'Adder2'], ['Neuron6_6', 'Adder2'], ['Neuron6_7', 'Adder2'], ['Neuron6_8', 'Adder2'], ['Neuron6_9', 'Adder2']]
03-05 02:35:20 com_github_MitjaNemec_ReplicateLayout.replicate_layout 1464:Level selected: ['InNeuron_1', 'Adder3']
03-05 02:35:20 com_github_MitjaNemec_ReplicateLayout.replicate_layout 1299:Filtering list of tracks
03-05 02:35:21 com_github_MitjaNemec_ReplicateLayout.action_replicate_layout 493:Toolbar position: wx.Point(1693, 138)
03-05 02:35:21 com_github_MitjaNemec_ReplicateLayout.action_replicate_layout 498:Dialog position: wx.Point(1254, 138)
03-05 02:35:45 com_github_MitjaNemec_ReplicateLayout.replicate_layout 424:constructing a list of sheets suitable for replication on level:'Adder3', file:'C:\\Users\\hrans\\OneDrive\\Documents\\Github\\AnalogNNPCB\\PCBDesign\\AnalogFNN\\Adder.kicad_sch'
03-05 02:35:45 com_github_MitjaNemec_ReplicateLayout.replicate_layout 461:suitable sheets are:[['InNeuron_2', 'Adder3'], ['InNeuron_3', 'Adder3'], ['InNeuron_4', 'Adder3'], ['InNeuron_5', 'Adder3'], ['InNeuron_6', 'Adder3'], ['Neuron6_1', 'Adder2'], ['Neuron6_10', 'Adder2'], ['Neuron6_11', 'Adder2'], ['Neuron6_12', 'Adder2'], ['Neuron6_13', 'Adder2'], ['Neuron6_14', 'Adder2'], ['Neuron6_15', 'Adder2'], ['Neuron6_16', 'Adder2'], ['Neuron6_17', 'Adder2'], ['Neuron6_18', 'Adder2'], ['Neuron6_2', 'Adder2'], ['Neuron6_3', 'Adder2'], ['Neuron6_4', 'Adder2'], ['Neuron6_5', 'Adder2'], ['Neuron6_6', 'Adder2'], ['Neuron6_7', 'Adder2'], ['Neuron6_8', 'Adder2'], ['Neuron6_9', 'Adder2']]
03-05 02:35:45 com_github_MitjaNemec_ReplicateLayout.replicate_layout 1464:Level selected: ['InNeuron_1', 'Adder3']
03-05 02:35:45 com_github_MitjaNemec_ReplicateLayout.replicate_layout 1299:Filtering list of tracks
03-05 02:35:55 com_github_MitjaNemec_ReplicateLayout.replicate_layout 424:constructing a list of sheets suitable for replication on level:'Adder3', file:'C:\\Users\\hrans\\OneDrive\\Documents\\Github\\AnalogNNPCB\\PCBDesign\\AnalogFNN\\Adder.kicad_sch'
03-05 02:35:55 com_github_MitjaNemec_ReplicateLayout.replicate_layout 461:suitable sheets are:[['InNeuron_2', 'Adder3'], ['InNeuron_3', 'Adder3'], ['InNeuron_4', 'Adder3'], ['InNeuron_5', 'Adder3'], ['InNeuron_6', 'Adder3'], ['Neuron6_1', 'Adder2'], ['Neuron6_10', 'Adder2'], ['Neuron6_11', 'Adder2'], ['Neuron6_12', 'Adder2'], ['Neuron6_13', 'Adder2'], ['Neuron6_14', 'Adder2'], ['Neuron6_15', 'Adder2'], ['Neuron6_16', 'Adder2'], ['Neuron6_17', 'Adder2'], ['Neuron6_18', 'Adder2'], ['Neuron6_2', 'Adder2'], ['Neuron6_3', 'Adder2'], ['Neuron6_4', 'Adder2'], ['Neuron6_5', 'Adder2'], ['Neuron6_6', 'Adder2'], ['Neuron6_7', 'Adder2'], ['Neuron6_8', 'Adder2'], ['Neuron6_9', 'Adder2']]
03-05 02:35:55 com_github_MitjaNemec_ReplicateLayout.action_replicate_layout 240:Replicating layout
03-05 02:35:55 com_github_MitjaNemec_ReplicateLayout.replicate_layout 240:Starting replication of sheets: [['InNeuron_2', 'Adder3'], ['InNeuron_3', 'Adder3'], ['InNeuron_4', 'Adder3'], ['InNeuron_5', 'Adder3'], ['InNeuron_6', 'Adder3']]
on level: ['InNeuron_1', 'Adder3']
with tracks=True, zone=True, text=True, text=True, intersecting=True, remove=False, locked footprints=False, group_only=False
03-05 02:35:55 root 332:updating GUI message: 'Preparing for replication'
03-05 02:35:55 root 337:updating GUI with: 0
03-05 02:35:55 com_github_MitjaNemec_ReplicateLayout.replicate_layout 310:Getting the list of source footprints
03-05 02:35:55 com_github_MitjaNemec_ReplicateLayout.replicate_layout 320:Getting the list of all the remaining footprints
03-05 02:35:55 com_github_MitjaNemec_ReplicateLayout.replicate_layout 327:Getting source tracks
03-05 02:35:55 com_github_MitjaNemec_ReplicateLayout.replicate_layout 1299:Filtering list of tracks
03-05 02:35:55 com_github_MitjaNemec_ReplicateLayout.replicate_layout 331:Getting source zones
03-05 02:35:55 root 337:updating GUI with: 50
03-05 02:35:55 com_github_MitjaNemec_ReplicateLayout.replicate_layout 335:Getting source text items
03-05 02:35:55 root 337:updating GUI with: 66
03-05 02:35:55 com_github_MitjaNemec_ReplicateLayout.replicate_layout 339:Getting source drawing items
03-05 02:35:55 root 332:updating GUI message: 'Replicating footprints'
03-05 02:35:55 com_github_MitjaNemec_ReplicateLayout.replicate_layout 806:Replicating footprints
03-05 02:35:55 com_github_MitjaNemec_ReplicateLayout.replicate_layout 813:Replicating footprints on sheet ['InNeuron_2', 'Adder3']
03-05 02:35:55 com_github_MitjaNemec_ReplicateLayout.replicate_layout 813:Replicating footprints on sheet ['InNeuron_3', 'Adder3']
03-05 02:35:55 com_github_MitjaNemec_ReplicateLayout.replicate_layout 813:Replicating footprints on sheet ['InNeuron_4', 'Adder3']
03-05 02:35:55 com_github_MitjaNemec_ReplicateLayout.replicate_layout 813:Replicating footprints on sheet ['InNeuron_5', 'Adder3']
03-05 02:35:55 com_github_MitjaNemec_ReplicateLayout.replicate_layout 813:Replicating footprints on sheet ['InNeuron_6', 'Adder3']
03-05 02:35:55 root 332:updating GUI message: 'Replicating tracks'
03-05 02:35:55 com_github_MitjaNemec_ReplicateLayout.replicate_layout 977:Replicating tracks
03-05 02:35:55 com_github_MitjaNemec_ReplicateLayout.replicate_layout 983:Replicating tracks on sheet ['InNeuron_2', 'Adder3']
03-05 02:35:55 com_github_MitjaNemec_ReplicateLayout.replicate_layout 766:Net pairs for sheet ['InNeuron_2', 'Adder3'] :[('/InNeuron_1/OUT', '/InNeuron_2/OUT'), ('Net-(C23001-Pad1)', 'Net-(C3001-Pad1)'), ('Net-(U23001D-+)', 'Net-(U3001D-+)'), ('/InNeuron_1/Adder3/SUM_IN', '/InNeuron_2/Adder3/SUM_IN'), ('', ''), ('Net-(C23002-Pad2)', 'Net-(C3002-Pad2)'), ('Net-(U23001B--)', 'Net-(U3001B--)'), ('+5V', '+5V'), ('Net-(U23001C--)', 'Net-(U3001C--)'), ('Net-(U23001B-+)', 'Net-(U3001B-+)'), ('GND', 'GND')]
03-05 02:35:55 root 337:updating GUI with: 0
03-05 02:35:55 com_github_MitjaNemec_ReplicateLayout.replicate_layout 983:Replicating tracks on sheet ['InNeuron_3', 'Adder3']
03-05 02:35:55 com_github_MitjaNemec_ReplicateLayout.replicate_layout 766:Net pairs for sheet ['InNeuron_3', 'Adder3'] :[('/InNeuron_1/OUT', '/InNeuron_3/OUT'), ('Net-(U23001C--)', 'Net-(U33001C--)'), ('/InNeuron_1/Adder3/SUM_IN', '/InNeuron_3/Adder3/SUM_IN'), ('Net-(U23001B-+)', 'Net-(U33001B-+)'), ('', ''), ('Net-(C23001-Pad1)', 'Net-(C33001-Pad1)'), ('Net-(U23001D-+)', 'Net-(U33001D-+)'), ('+5V', '+5V'), ('Net-(C23002-Pad2)', 'Net-(C33002-Pad2)'), ('Net-(U23001B--)', 'Net-(U33001B--)'), ('GND', 'GND')]
03-05 02:35:55 com_github_MitjaNemec_ReplicateLayout.replicate_layout 983:Replicating tracks on sheet ['InNeuron_4', 'Adder3']
03-05 02:35:55 com_github_MitjaNemec_ReplicateLayout.replicate_layout 766:Net pairs for sheet ['InNeuron_4', 'Adder3'] :[('Net-(U23001C--)', 'Net-(U131001C--)'), ('Net-(C23002-Pad2)', 'Net-(C131002-Pad2)'), ('Net-(C23001-Pad1)', 'Net-(C131001-Pad1)'), ('Net-(U23001D-+)', 'Net-(U131001D-+)'), ('', ''), ('/InNeuron_1/Adder3/SUM_IN', '/InNeuron_4/Adder3/SUM_IN'), ('+5V', '+5V'), ('Net-(U23001B-+)', 'Net-(U131001B-+)'), ('/InNeuron_1/OUT', '/InNeuron_4/OUT'), ('Net-(U23001B--)', 'Net-(U131001B--)'), ('GND', 'GND')]
03-05 02:35:55 com_github_MitjaNemec_ReplicateLayout.replicate_layout 983:Replicating tracks on sheet ['InNeuron_5', 'Adder3']
03-05 02:35:55 com_github_MitjaNemec_ReplicateLayout.replicate_layout 766:Net pairs for sheet ['InNeuron_5', 'Adder3'] :[('/InNeuron_1/Adder3/SUM_IN', '/InNeuron_5/Adder3/SUM_IN'), ('', ''), ('/InNeuron_1/OUT', '/InNeuron_5/OUT'), ('GND', 'GND'), ('Net-(U23001C--)', 'Net-(U139001C--)'), ('+5V', '+5V'), ('Net-(U23001B--)', 'Net-(U139001B--)'), ('Net-(C23002-Pad2)', 'Net-(C139002-Pad2)'), ('Net-(C23001-Pad1)', 'Net-(C139001-Pad1)'), ('Net-(U23001B-+)', 'Net-(U139001B-+)'), ('Net-(U23001D-+)', 'Net-(U139001D-+)')]
03-05 02:35:55 com_github_MitjaNemec_ReplicateLayout.replicate_layout 983:Replicating tracks on sheet ['InNeuron_6', 'Adder3']
03-05 02:35:55 com_github_MitjaNemec_ReplicateLayout.replicate_layout 766:Net pairs for sheet ['InNeuron_6', 'Adder3'] :[('Net-(C23002-Pad2)', 'Net-(C148002-Pad2)'), ('Net-(U23001D-+)', 'Net-(U148001D-+)'), ('Net-(C23001-Pad1)', 'Net-(C148001-Pad1)'), ('/InNeuron_1/OUT', '/InNeuron_6/OUT'), ('', ''), ('Net-(U23001B--)', 'Net-(U148001B--)'), ('/InNeuron_1/Adder3/SUM_IN', '/InNeuron_6/Adder3/SUM_IN'), ('+5V', '+5V'), ('Net-(U23001B-+)', 'Net-(U148001B-+)'), ('Net-(U23001C--)', 'Net-(U148001C--)'), ('GND', 'GND')]
03-05 02:35:55 root 332:updating GUI message: 'Replicating zones'
03-05 02:35:55 com_github_MitjaNemec_ReplicateLayout.replicate_layout 1047:Replicating zones
03-05 02:35:55 com_github_MitjaNemec_ReplicateLayout.replicate_layout 1054:Replicating zones on sheet ['InNeuron_2', 'Adder3']
03-05 02:35:55 com_github_MitjaNemec_ReplicateLayout.replicate_layout 766:Net pairs for sheet ['InNeuron_2', 'Adder3'] :[('/InNeuron_1/OUT', '/InNeuron_2/OUT'), ('Net-(C23001-Pad1)', 'Net-(C3001-Pad1)'), ('Net-(U23001D-+)', 'Net-(U3001D-+)'), ('/InNeuron_1/Adder3/SUM_IN', '/InNeuron_2/Adder3/SUM_IN'), ('', ''), ('Net-(C23002-Pad2)', 'Net-(C3002-Pad2)'), ('Net-(U23001B--)', 'Net-(U3001B--)'), ('+5V', '+5V'), ('Net-(U23001C--)', 'Net-(U3001C--)'), ('Net-(U23001B-+)', 'Net-(U3001B-+)'), ('GND', 'GND')]
03-05 02:35:55 root 337:updating GUI with: 10
03-05 02:35:55 com_github_MitjaNemec_ReplicateLayout.replicate_layout 1054:Replicating zones on sheet ['InNeuron_3', 'Adder3']
03-05 02:35:55 com_github_MitjaNemec_ReplicateLayout.replicate_layout 766:Net pairs for sheet ['InNeuron_3', 'Adder3'] :[('/InNeuron_1/OUT', '/InNeuron_3/OUT'), ('Net-(U23001C--)', 'Net-(U33001C--)'), ('/InNeuron_1/Adder3/SUM_IN', '/InNeuron_3/Adder3/SUM_IN'), ('Net-(U23001B-+)', 'Net-(U33001B-+)'), ('', ''), ('Net-(C23001-Pad1)', 'Net-(C33001-Pad1)'), ('Net-(U23001D-+)', 'Net-(U33001D-+)'), ('+5V', '+5V'), ('Net-(C23002-Pad2)', 'Net-(C33002-Pad2)'), ('Net-(U23001B--)', 'Net-(U33001B--)'), ('GND', 'GND')]
03-05 02:35:55 com_github_MitjaNemec_ReplicateLayout.replicate_layout 1054:Replicating zones on sheet ['InNeuron_4', 'Adder3']
03-05 02:35:55 com_github_MitjaNemec_ReplicateLayout.replicate_layout 766:Net pairs for sheet ['InNeuron_4', 'Adder3'] :[('Net-(U23001C--)', 'Net-(U131001C--)'), ('Net-(C23002-Pad2)', 'Net-(C131002-Pad2)'), ('Net-(C23001-Pad1)', 'Net-(C131001-Pad1)'), ('Net-(U23001D-+)', 'Net-(U131001D-+)'), ('', ''), ('/InNeuron_1/Adder3/SUM_IN', '/InNeuron_4/Adder3/SUM_IN'), ('+5V', '+5V'), ('Net-(U23001B-+)', 'Net-(U131001B-+)'), ('/InNeuron_1/OUT', '/InNeuron_4/OUT'), ('Net-(U23001B--)', 'Net-(U131001B--)'), ('GND', 'GND')]
03-05 02:35:55 com_github_MitjaNemec_ReplicateLayout.replicate_layout 1054:Replicating zones on sheet ['InNeuron_5', 'Adder3']
03-05 02:35:55 com_github_MitjaNemec_ReplicateLayout.replicate_layout 766:Net pairs for sheet ['InNeuron_5', 'Adder3'] :[('/InNeuron_1/Adder3/SUM_IN', '/InNeuron_5/Adder3/SUM_IN'), ('', ''), ('/InNeuron_1/OUT', '/InNeuron_5/OUT'), ('GND', 'GND'), ('Net-(U23001C--)', 'Net-(U139001C--)'), ('+5V', '+5V'), ('Net-(U23001B--)', 'Net-(U139001B--)'), ('Net-(C23002-Pad2)', 'Net-(C139002-Pad2)'), ('Net-(C23001-Pad1)', 'Net-(C139001-Pad1)'), ('Net-(U23001B-+)', 'Net-(U139001B-+)'), ('Net-(U23001D-+)', 'Net-(U139001D-+)')]
03-05 02:35:55 com_github_MitjaNemec_ReplicateLayout.replicate_layout 1054:Replicating zones on sheet ['InNeuron_6', 'Adder3']
03-05 02:35:55 com_github_MitjaNemec_ReplicateLayout.replicate_layout 766:Net pairs for sheet ['InNeuron_6', 'Adder3'] :[('Net-(C23002-Pad2)', 'Net-(C148002-Pad2)'), ('Net-(U23001D-+)', 'Net-(U148001D-+)'), ('Net-(C23001-Pad1)', 'Net-(C148001-Pad1)'), ('/InNeuron_1/OUT', '/InNeuron_6/OUT'), ('', ''), ('Net-(U23001B--)', 'Net-(U148001B--)'), ('/InNeuron_1/Adder3/SUM_IN', '/InNeuron_6/Adder3/SUM_IN'), ('+5V', '+5V'), ('Net-(U23001B-+)', 'Net-(U148001B-+)'), ('Net-(U23001C--)', 'Net-(U148001C--)'), ('GND', 'GND')]
03-05 02:35:55 root 332:updating GUI message: 'Replicating text'
03-05 02:35:55 com_github_MitjaNemec_ReplicateLayout.replicate_layout 1136:Replicating text
03-05 02:35:55 com_github_MitjaNemec_ReplicateLayout.replicate_layout 1143:Replicating text on sheet ['InNeuron_2', 'Adder3']
03-05 02:35:55 com_github_MitjaNemec_ReplicateLayout.replicate_layout 1143:Replicating text on sheet ['InNeuron_3', 'Adder3']
03-05 02:35:55 com_github_MitjaNemec_ReplicateLayout.replicate_layout 1143:Replicating text on sheet ['InNeuron_4', 'Adder3']
03-05 02:35:55 com_github_MitjaNemec_ReplicateLayout.replicate_layout 1143:Replicating text on sheet ['InNeuron_5', 'Adder3']
03-05 02:35:55 com_github_MitjaNemec_ReplicateLayout.replicate_layout 1143:Replicating text on sheet ['InNeuron_6', 'Adder3']
03-05 02:35:55 root 332:updating GUI message: 'Replicating drawings'
03-05 02:35:55 com_github_MitjaNemec_ReplicateLayout.replicate_layout 1187:Replicating drawings
03-05 02:35:55 com_github_MitjaNemec_ReplicateLayout.replicate_layout 1193:Replicating drawings on sheet ['InNeuron_2', 'Adder3']
03-05 02:35:55 com_github_MitjaNemec_ReplicateLayout.replicate_layout 1193:Replicating drawings on sheet ['InNeuron_3', 'Adder3']
03-05 02:35:55 com_github_MitjaNemec_ReplicateLayout.replicate_layout 1193:Replicating drawings on sheet ['InNeuron_4', 'Adder3']
03-05 02:35:55 com_github_MitjaNemec_ReplicateLayout.replicate_layout 1193:Replicating drawings on sheet ['InNeuron_5', 'Adder3']
03-05 02:35:55 com_github_MitjaNemec_ReplicateLayout.replicate_layout 1193:Replicating drawings on sheet ['InNeuron_6', 'Adder3']
03-05 02:35:58 com_github_MitjaNemec_ReplicateLayout.action_replicate_layout 256:Replication complete
